{
  "/Users/joestrachan/Documents/datr/comps/src/index.ts": {
    "path": "/Users/joestrachan/Documents/datr/comps/src/index.ts",
    "statementMap": { "0": { "start": { "line": 1, "column": 0 }, "end": { "line": 1, "column": 23 } } },
    "fnMap": {},
    "branchMap": {},
    "s": { "0": 1 },
    "f": {},
    "b": {}
  },
  "/Users/joestrachan/Documents/datr/comps/src/config/index.ts": {
    "path": "/Users/joestrachan/Documents/datr/comps/src/config/index.ts",
    "statementMap": {
      "0": { "start": { "line": 1, "column": 0 }, "end": { "line": 1, "column": 25 } },
      "1": { "start": { "line": 2, "column": 0 }, "end": { "line": 2, "column": 24 } }
    },
    "fnMap": {},
    "branchMap": {},
    "s": { "0": 1, "1": 1 },
    "f": {},
    "b": {}
  },
  "/Users/joestrachan/Documents/datr/comps/src/config/consts/ConstCompaniesApi.ts": {
    "path": "/Users/joestrachan/Documents/datr/comps/src/config/consts/ConstCompaniesApi.ts",
    "statementMap": {
      "0": { "start": { "line": 2, "column": 0 }, "end": { "line": 2, "column": 70 } },
      "1": { "start": { "line": 4, "column": 13 }, "end": { "line": 4, "column": 117 } },
      "2": { "start": { "line": 5, "column": 13 }, "end": { "line": 5, "column": 98 } },
      "3": { "start": { "line": 6, "column": 13 }, "end": { "line": 6, "column": 115 } },
      "4": { "start": { "line": 7, "column": 13 }, "end": { "line": 7, "column": 78 } },
      "5": { "start": { "line": 8, "column": 13 }, "end": { "line": 8, "column": 96 } },
      "6": { "start": { "line": 9, "column": 13 }, "end": { "line": 9, "column": 65 } },
      "7": { "start": { "line": 10, "column": 13 }, "end": { "line": 10, "column": 57 } }
    },
    "fnMap": {},
    "branchMap": {},
    "s": { "0": 1, "1": 1, "2": 1, "3": 1, "4": 1, "5": 1, "6": 1, "7": 1 },
    "f": {},
    "b": {}
  },
  "/Users/joestrachan/Documents/datr/comps/src/config/consts/index.ts": {
    "path": "/Users/joestrachan/Documents/datr/comps/src/config/consts/index.ts",
    "statementMap": { "0": { "start": { "line": 1, "column": 0 }, "end": { "line": 1, "column": 36 } } },
    "fnMap": {},
    "branchMap": {},
    "s": { "0": 1 },
    "f": {},
    "b": {}
  },
  "/Users/joestrachan/Documents/datr/comps/src/config/enums/ApiResponseEncodingEnum.ts": {
    "path": "/Users/joestrachan/Documents/datr/comps/src/config/enums/ApiResponseEncodingEnum.ts",
    "statementMap": {
      "0": { "start": { "line": 1, "column": 0 }, "end": { "line": 1, "column": null } },
      "1": { "start": { "line": 2, "column": 2 }, "end": { "line": 2, "column": null } },
      "2": { "start": { "line": 3, "column": 2 }, "end": { "line": 3, "column": null } }
    },
    "fnMap": {
      "0": {
        "name": "(anonymous_0)",
        "decl": { "start": { "line": 1, "column": 0 }, "end": { "line": 1, "column": 12 } },
        "loc": { "start": { "line": 1, "column": 35 }, "end": { "line": 4, "column": 1 } }
      }
    },
    "branchMap": {
      "0": {
        "loc": { "start": { "line": 1, "column": 12 }, "end": { "line": 1, "column": null } },
        "type": "binary-expr",
        "locations": [
          { "start": { "line": 1, "column": 12 }, "end": { "line": 1, "column": 35 } },
          { "start": { "line": 1, "column": 35 }, "end": { "line": 1, "column": null } }
        ]
      }
    },
    "s": { "0": 1, "1": 1, "2": 1 },
    "f": { "0": 1 },
    "b": { "0": [1, 1] }
  },
  "/Users/joestrachan/Documents/datr/comps/src/config/enums/ApiRestMethodEnum.ts": {
    "path": "/Users/joestrachan/Documents/datr/comps/src/config/enums/ApiRestMethodEnum.ts",
    "statementMap": {
      "0": { "start": { "line": 1, "column": 0 }, "end": { "line": 1, "column": null } },
      "1": { "start": { "line": 2, "column": 2 }, "end": { "line": 2, "column": null } },
      "2": { "start": { "line": 3, "column": 2 }, "end": { "line": 3, "column": null } }
    },
    "fnMap": {
      "0": {
        "name": "(anonymous_0)",
        "decl": { "start": { "line": 1, "column": 0 }, "end": { "line": 1, "column": 12 } },
        "loc": { "start": { "line": 1, "column": 29 }, "end": { "line": 4, "column": 1 } }
      }
    },
    "branchMap": {
      "0": {
        "loc": { "start": { "line": 1, "column": 12 }, "end": { "line": 1, "column": null } },
        "type": "binary-expr",
        "locations": [
          { "start": { "line": 1, "column": 12 }, "end": { "line": 1, "column": 29 } },
          { "start": { "line": 1, "column": 29 }, "end": { "line": 1, "column": null } }
        ]
      }
    },
    "s": { "0": 1, "1": 1, "2": 1 },
    "f": { "0": 1 },
    "b": { "0": [1, 1] }
  },
  "/Users/joestrachan/Documents/datr/comps/src/config/enums/index.ts": {
    "path": "/Users/joestrachan/Documents/datr/comps/src/config/enums/index.ts",
    "statementMap": {
      "0": { "start": { "line": 1, "column": 0 }, "end": { "line": 1, "column": 9 } },
      "1": { "start": { "line": 1, "column": 9 }, "end": { "line": 1, "column": 68 } },
      "2": { "start": { "line": 2, "column": 0 }, "end": { "line": 2, "column": 9 } },
      "3": { "start": { "line": 2, "column": 9 }, "end": { "line": 2, "column": 56 } }
    },
    "fnMap": {
      "0": {
        "name": "(anonymous_0)",
        "decl": { "start": { "line": 1, "column": 9 }, "end": { "line": 1, "column": 32 } },
        "loc": { "start": { "line": 1, "column": 9 }, "end": { "line": 1, "column": 68 } }
      },
      "1": {
        "name": "(anonymous_1)",
        "decl": { "start": { "line": 2, "column": 9 }, "end": { "line": 2, "column": 26 } },
        "loc": { "start": { "line": 2, "column": 9 }, "end": { "line": 2, "column": 56 } }
      }
    },
    "branchMap": {},
    "s": { "0": 1, "1": 2, "2": 1, "3": 2 },
    "f": { "0": 1, "1": 1 },
    "b": {}
  },
  "/Users/joestrachan/Documents/datr/comps/src/interfaces/index.ts": {
    "path": "/Users/joestrachan/Documents/datr/comps/src/interfaces/index.ts",
    "statementMap": {
      "0": { "start": { "line": 1, "column": 0 }, "end": { "line": 1, "column": 26 } },
      "1": { "start": { "line": 2, "column": 0 }, "end": { "line": 2, "column": 27 } }
    },
    "fnMap": {},
    "branchMap": {},
    "s": { "0": 0, "1": 0 },
    "f": {},
    "b": {}
  },
  "/Users/joestrachan/Documents/datr/comps/src/interfaces/helpers/index.ts": {
    "path": "/Users/joestrachan/Documents/datr/comps/src/interfaces/helpers/index.ts",
    "statementMap": { "0": { "start": { "line": 1, "column": 0 }, "end": { "line": 1, "column": 43 } } },
    "fnMap": {},
    "branchMap": {},
    "s": { "0": 0 },
    "f": {},
    "b": {}
  },
  "/Users/joestrachan/Documents/datr/comps/src/interfaces/requests/index.ts": {
    "path": "/Users/joestrachan/Documents/datr/comps/src/interfaces/requests/index.ts",
    "statementMap": {
      "0": { "start": { "line": 1, "column": 0 }, "end": { "line": 1, "column": 25 } },
      "1": { "start": { "line": 2, "column": 0 }, "end": { "line": 2, "column": 31 } },
      "2": { "start": { "line": 3, "column": 0 }, "end": { "line": 3, "column": 45 } },
      "3": { "start": { "line": 4, "column": 0 }, "end": { "line": 4, "column": 34 } }
    },
    "fnMap": {},
    "branchMap": {},
    "s": { "0": 0, "1": 0, "2": 0, "3": 0 },
    "f": {},
    "b": {}
  },
  "/Users/joestrachan/Documents/datr/comps/src/main/index.ts": {
    "path": "/Users/joestrachan/Documents/datr/comps/src/main/index.ts",
    "statementMap": {
      "0": { "start": { "line": 1, "column": 0 }, "end": { "line": 1, "column": 26 } },
      "1": { "start": { "line": 2, "column": 0 }, "end": { "line": 2, "column": 27 } }
    },
    "fnMap": {},
    "branchMap": {},
    "s": { "0": 1, "1": 1 },
    "f": {},
    "b": {}
  },
  "/Users/joestrachan/Documents/datr/comps/src/main/helpers/getCompaniesSearchConfig.ts": {
    "path": "/Users/joestrachan/Documents/datr/comps/src/main/helpers/getCompaniesSearchConfig.ts",
    "statementMap": {
      "0": { "start": { "line": 1, "column": 0 }, "end": { "line": 1, "column": 42 } },
      "1": { "start": { "line": 2, "column": 0 }, "end": { "line": 2, "column": null } },
      "2": { "start": { "line": 30, "column": 67 }, "end": { "line": 85, "column": 1 } },
      "3": { "start": { "line": 31, "column": 8 }, "end": { "line": 31, "column": null } },
      "4": { "start": { "line": 32, "column": 12 }, "end": { "line": 32, "column": null } },
      "5": { "start": { "line": 33, "column": 2 }, "end": { "line": 33, "column": 21 } },
      "6": { "start": { "line": 33, "column": 21 }, "end": { "line": 33, "column": null } },
      "7": { "start": { "line": 34, "column": 2 }, "end": { "line": 34, "column": 17 } },
      "8": { "start": { "line": 34, "column": 17 }, "end": { "line": 34, "column": null } },
      "9": { "start": { "line": 35, "column": 2 }, "end": { "line": 35, "column": 15 } },
      "10": { "start": { "line": 35, "column": 15 }, "end": { "line": 35, "column": null } },
      "11": { "start": { "line": 36, "column": 2 }, "end": { "line": 36, "column": 12 } },
      "12": { "start": { "line": 36, "column": 12 }, "end": { "line": 36, "column": null } },
      "13": { "start": { "line": 37, "column": 2 }, "end": { "line": 37, "column": 5 } },
      "14": { "start": { "line": 37, "column": 5 }, "end": { "line": 37, "column": null } },
      "15": { "start": { "line": 38, "column": 2 }, "end": { "line": 38, "column": 15 } },
      "16": { "start": { "line": 38, "column": 15 }, "end": { "line": 38, "column": null } },
      "17": { "start": { "line": 45, "column": 30 }, "end": { "line": 45, "column": 69 } },
      "18": { "start": { "line": 51, "column": 2 }, "end": { "line": 51, "column": 99 } },
      "19": { "start": { "line": 52, "column": 2 }, "end": { "line": 52, "column": 107 } },
      "20": { "start": { "line": 53, "column": 2 }, "end": { "line": 53, "column": 93 } },
      "21": { "start": { "line": 59, "column": 2 }, "end": { "line": 67, "column": 3 } },
      "22": { "start": { "line": 60, "column": 4 }, "end": { "line": 66, "column": 5 } },
      "23": { "start": { "line": 61, "column": 6 }, "end": { "line": 61, "column": 19 } },
      "24": { "start": { "line": 63, "column": 6 }, "end": { "line": 65, "column": 9 } },
      "25": { "start": { "line": 69, "column": 56 }, "end": { "line": 72, "column": 4 } },
      "26": { "start": { "line": 74, "column": 2 }, "end": { "line": 84, "column": 4 } },
      "27": { "start": { "line": 30, "column": 13 }, "end": { "line": 30, "column": 67 } }
    },
    "fnMap": {
      "0": {
        "name": "(anonymous_0)",
        "decl": { "start": { "line": 30, "column": 67 }, "end": { "line": 30, "column": 68 } },
        "loc": { "start": { "line": 39, "column": 33 }, "end": { "line": 85, "column": 1 } }
      }
    },
    "branchMap": {
      "0": {
        "loc": { "start": { "line": 33, "column": 21 }, "end": { "line": 33, "column": null } },
        "type": "cond-expr",
        "locations": [
          { "start": { "line": 33, "column": 24 }, "end": { "line": 33, "column": 69 } },
          { "start": { "line": 33, "column": 69 }, "end": { "line": 33, "column": null } }
        ]
      },
      "1": {
        "loc": { "start": { "line": 34, "column": 17 }, "end": { "line": 34, "column": null } },
        "type": "cond-expr",
        "locations": [
          { "start": { "line": 34, "column": 20 }, "end": { "line": 34, "column": 61 } },
          { "start": { "line": 34, "column": 61 }, "end": { "line": 34, "column": null } }
        ]
      },
      "2": {
        "loc": { "start": { "line": 35, "column": 15 }, "end": { "line": 35, "column": null } },
        "type": "cond-expr",
        "locations": [
          { "start": { "line": 35, "column": 18 }, "end": { "line": 35, "column": 57 } },
          { "start": { "line": 35, "column": 57 }, "end": { "line": 35, "column": null } }
        ]
      },
      "3": {
        "loc": { "start": { "line": 36, "column": 12 }, "end": { "line": 36, "column": null } },
        "type": "cond-expr",
        "locations": [
          { "start": { "line": 36, "column": 15 }, "end": { "line": 36, "column": 54 } },
          { "start": { "line": 36, "column": 54 }, "end": { "line": 36, "column": null } }
        ]
      },
      "4": {
        "loc": { "start": { "line": 37, "column": 5 }, "end": { "line": 37, "column": null } },
        "type": "cond-expr",
        "locations": [
          { "start": { "line": 37, "column": 8 }, "end": { "line": 37, "column": 38 } },
          { "start": { "line": 37, "column": 38 }, "end": { "line": 37, "column": null } }
        ]
      },
      "5": {
        "loc": { "start": { "line": 38, "column": 15 }, "end": { "line": 38, "column": null } },
        "type": "cond-expr",
        "locations": [
          { "start": { "line": 38, "column": 18 }, "end": { "line": 38, "column": 23 } },
          { "start": { "line": 38, "column": 23 }, "end": { "line": 38, "column": null } }
        ]
      },
      "6": {
        "loc": { "start": { "line": 59, "column": 2 }, "end": { "line": 67, "column": 3 } },
        "type": "if",
        "locations": [{ "start": { "line": 59, "column": 2 }, "end": { "line": 67, "column": 3 } }]
      }
    },
    "s": {
      "0": 1,
      "1": 1,
      "2": 1,
      "3": 1,
      "4": 1,
      "5": 1,
      "6": 1,
      "7": 1,
      "8": 1,
      "9": 1,
      "10": 1,
      "11": 1,
      "12": 1,
      "13": 1,
      "14": 1,
      "15": 1,
      "16": 1,
      "17": 1,
      "18": 1,
      "19": 1,
      "20": 0,
      "21": 0,
      "22": 0,
      "23": 0,
      "24": 0,
      "25": 0,
      "26": 0,
      "27": 1
    },
    "f": { "0": 1 },
    "b": { "0": [1, 0], "1": [1, 0], "2": [1, 0], "3": [1, 0], "4": [1, 0], "5": [1, 0], "6": [0] }
  },
  "/Users/joestrachan/Documents/datr/comps/src/main/helpers/index.ts": {
    "path": "/Users/joestrachan/Documents/datr/comps/src/main/helpers/index.ts",
    "statementMap": {
      "0": { "start": { "line": 1, "column": 0 }, "end": { "line": 1, "column": 9 } },
      "1": { "start": { "line": 1, "column": 9 }, "end": { "line": 1, "column": 70 } }
    },
    "fnMap": {
      "0": {
        "name": "(anonymous_0)",
        "decl": { "start": { "line": 1, "column": 9 }, "end": { "line": 1, "column": 33 } },
        "loc": { "start": { "line": 1, "column": 9 }, "end": { "line": 1, "column": 70 } }
      }
    },
    "branchMap": {},
    "s": { "0": 1, "1": 2 },
    "f": { "0": 1 },
    "b": {}
  },
  "/Users/joestrachan/Documents/datr/comps/src/main/requests/getCompanies.ts": {
    "path": "/Users/joestrachan/Documents/datr/comps/src/main/requests/getCompanies.ts",
    "statementMap": {
      "0": { "start": { "line": 1, "column": 0 }, "end": { "line": 1, "column": 54 } },
      "1": { "start": { "line": 2, "column": 0 }, "end": { "line": 2, "column": 74 } },
      "2": { "start": { "line": 3, "column": 0 }, "end": { "line": 3, "column": 52 } },
      "3": { "start": { "line": 5, "column": 0 }, "end": { "line": 5, "column": 62 } },
      "4": { "start": { "line": 24, "column": 43 }, "end": { "line": 69, "column": 2 } },
      "5": { "start": { "line": 25, "column": 8 }, "end": { "line": 25, "column": null } },
      "6": { "start": { "line": 26, "column": 12 }, "end": { "line": 26, "column": null } },
      "7": { "start": { "line": 27, "column": 2 }, "end": { "line": 27, "column": 6 } },
      "8": { "start": { "line": 27, "column": 6 }, "end": { "line": 27, "column": null } },
      "9": { "start": { "line": 34, "column": 8 }, "end": { "line": 34, "column": 59 } },
      "10": { "start": { "line": 42, "column": 10 }, "end": { "line": 45, "column": 7 } },
      "11": { "start": { "line": 52, "column": 33 }, "end": { "line": 52, "column": null } },
      "12": { "start": { "line": 52, "column": 10 }, "end": { "line": 52, "column": null } },
      "13": { "start": { "line": 53, "column": 8 }, "end": { "line": 53, "column": 32 } },
      "14": { "start": { "line": 58, "column": 13 }, "end": { "line": 58, "column": 32 } },
      "15": { "start": { "line": 58, "column": 32 }, "end": { "line": 58, "column": 54 } },
      "16": { "start": { "line": 58, "column": 52 }, "end": { "line": 58, "column": 54 } },
      "17": { "start": { "line": 59, "column": 6 }, "end": { "line": 59, "column": 43 } },
      "18": { "start": { "line": 61, "column": 40 }, "end": { "line": 61, "column": null } },
      "19": { "start": { "line": 61, "column": 12 }, "end": { "line": 61, "column": null } },
      "20": { "start": { "line": 62, "column": 6 }, "end": { "line": 62, "column": 44 } },
      "21": { "start": { "line": 58, "column": 54 }, "end": { "line": 58, "column": null } },
      "22": { "start": { "line": 65, "column": 4 }, "end": { "line": 65, "column": 18 } },
      "23": { "start": { "line": 67, "column": 4 }, "end": { "line": 67, "column": 56 } },
      "24": { "start": { "line": 24, "column": 13 }, "end": { "line": 24, "column": 43 } }
    },
    "fnMap": {
      "0": {
        "name": "(anonymous_13)",
        "decl": { "start": { "line": 24, "column": 43 }, "end": { "line": 24, "column": 50 } },
        "loc": { "start": { "line": 24, "column": 43 }, "end": { "line": 69, "column": 2 } }
      }
    },
    "branchMap": {
      "0": {
        "loc": { "start": { "line": 27, "column": 6 }, "end": { "line": 27, "column": null } },
        "type": "cond-expr",
        "locations": [
          { "start": { "line": 27, "column": 9 }, "end": { "line": 27, "column": 39 } },
          { "start": { "line": 27, "column": 39 }, "end": { "line": 27, "column": null } }
        ]
      },
      "1": {
        "loc": { "start": { "line": 65, "column": 4 }, "end": { "line": 65, "column": 18 } },
        "type": "switch",
        "locations": [{ "start": { "line": 65, "column": 4 }, "end": { "line": 65, "column": 18 } }]
      },
      "2": {
        "loc": { "start": { "line": 58, "column": 32 }, "end": { "line": 58, "column": 54 } },
        "type": "if",
        "locations": [{ "start": { "line": 58, "column": 32 }, "end": { "line": 58, "column": 54 } }]
      }
    },
    "s": {
      "0": 1,
      "1": 1,
      "2": 1,
      "3": 1,
      "4": 2,
      "5": 1,
      "6": 1,
      "7": 1,
      "8": 1,
      "9": 1,
      "10": 1,
      "11": 0,
      "12": 0,
      "13": 0,
      "14": 0,
      "15": 0,
      "16": 0,
      "17": 0,
      "18": 0,
      "19": 0,
      "20": 0,
      "21": 0,
      "22": 0,
      "23": 1,
      "24": 1
    },
    "f": { "0": 2 },
    "b": { "0": [1, 0], "1": [0], "2": [0] }
  },
  "/Users/joestrachan/Documents/datr/comps/src/main/requests/getCompaniesFromStartIndex.ts": {
    "path": "/Users/joestrachan/Documents/datr/comps/src/main/requests/getCompaniesFromStartIndex.ts",
    "statementMap": {
      "0": { "start": { "line": 1, "column": 0 }, "end": { "line": 1, "column": 45 } },
      "1": { "start": { "line": 16, "column": 71 }, "end": { "line": 61, "column": 2 } },
      "2": { "start": { "line": 17, "column": 8 }, "end": { "line": 17, "column": null } },
      "3": { "start": { "line": 24, "column": 8 }, "end": { "line": 24, "column": 73 } },
      "4": { "start": { "line": 29, "column": 9 }, "end": { "line": 60, "column": 7 } },
      "5": { "start": { "line": 35, "column": 6 }, "end": { "line": 38, "column": 7 } },
      "6": { "start": { "line": 37, "column": 8 }, "end": { "line": 37, "column": 51 } },
      "7": { "start": { "line": 40, "column": 31 }, "end": { "line": 40, "column": 44 } },
      "8": { "start": { "line": 45, "column": 6 }, "end": { "line": 47, "column": 7 } },
      "9": { "start": { "line": 46, "column": 8 }, "end": { "line": 46, "column": 57 } },
      "10": { "start": { "line": 52, "column": 6 }, "end": { "line": 54, "column": 7 } },
      "11": { "start": { "line": 53, "column": 8 }, "end": { "line": 53, "column": 63 } },
      "12": { "start": { "line": 55, "column": 6 }, "end": { "line": 55, "column": 24 } },
      "13": { "start": { "line": 58, "column": 35 }, "end": { "line": 58, "column": 69 } },
      "14": { "start": { "line": 59, "column": 6 }, "end": { "line": 59, "column": 36 } },
      "15": { "start": { "line": 29, "column": 2 }, "end": { "line": 60, "column": 7 } },
      "16": { "start": { "line": 16, "column": 13 }, "end": { "line": 16, "column": 71 } }
    },
    "fnMap": {
      "0": {
        "name": "(anonymous_14)",
        "decl": { "start": { "line": 16, "column": 71 }, "end": { "line": 16, "column": 78 } },
        "loc": { "start": { "line": 16, "column": 71 }, "end": { "line": 61, "column": 2 } }
      },
      "1": {
        "name": "(anonymous_17)",
        "decl": { "start": { "line": 31, "column": 10 }, "end": { "line": 31, "column": 11 } },
        "loc": { "start": { "line": 31, "column": 34 }, "end": { "line": 56, "column": 5 } }
      },
      "2": {
        "name": "(anonymous_18)",
        "decl": { "start": { "line": 57, "column": 11 }, "end": { "line": 57, "column": 12 } },
        "loc": { "start": { "line": 57, "column": 17 }, "end": { "line": 60, "column": 5 } }
      }
    },
    "branchMap": {
      "0": {
        "loc": { "start": { "line": 35, "column": 6 }, "end": { "line": 38, "column": 7 } },
        "type": "if",
        "locations": [{ "start": { "line": 35, "column": 6 }, "end": { "line": 38, "column": 7 } }]
      },
      "1": {
        "loc": { "start": { "line": 35, "column": 10 }, "end": { "line": 36, "column": 46 } },
        "type": "binary-expr",
        "locations": [
          { "start": { "line": 35, "column": 10 }, "end": { "line": 35, "column": 46 } },
          { "start": { "line": 36, "column": 13 }, "end": { "line": 36, "column": 46 } }
        ]
      },
      "2": {
        "loc": { "start": { "line": 45, "column": 6 }, "end": { "line": 47, "column": 7 } },
        "type": "if",
        "locations": [{ "start": { "line": 45, "column": 6 }, "end": { "line": 47, "column": 7 } }]
      },
      "3": {
        "loc": { "start": { "line": 52, "column": 6 }, "end": { "line": 54, "column": 7 } },
        "type": "if",
        "locations": [{ "start": { "line": 52, "column": 6 }, "end": { "line": 54, "column": 7 } }]
      }
    },
    "s": {
      "0": 1,
      "1": 1,
      "2": 0,
      "3": 0,
      "4": 0,
      "5": 0,
      "6": 0,
      "7": 0,
      "8": 0,
      "9": 0,
      "10": 0,
      "11": 0,
      "12": 0,
      "13": 0,
      "14": 0,
      "15": 0,
      "16": 1
    },
    "f": { "0": 0, "1": 0, "2": 0 },
    "b": { "0": [0], "1": [0, 0], "2": [0], "3": [0] }
  },
  "/Users/joestrachan/Documents/datr/comps/src/main/requests/getNumCompanies.ts": {
    "path": "/Users/joestrachan/Documents/datr/comps/src/main/requests/getNumCompanies.ts",
    "statementMap": {
      "0": { "start": { "line": 1, "column": 0 }, "end": { "line": 1, "column": 45 } },
      "1": { "start": { "line": 14, "column": 49 }, "end": { "line": 51, "column": 2 } },
      "2": { "start": { "line": 15, "column": 8 }, "end": { "line": 15, "column": null } },
      "3": { "start": { "line": 22, "column": 8 }, "end": { "line": 22, "column": 62 } },
      "4": { "start": { "line": 27, "column": 9 }, "end": { "line": 50, "column": 7 } },
      "5": { "start": { "line": 33, "column": 6 }, "end": { "line": 35, "column": 7 } },
      "6": { "start": { "line": 34, "column": 8 }, "end": { "line": 34, "column": 51 } },
      "7": { "start": { "line": 37, "column": 36 }, "end": { "line": 37, "column": 49 } },
      "8": { "start": { "line": 42, "column": 6 }, "end": { "line": 44, "column": 7 } },
      "9": { "start": { "line": 43, "column": 8 }, "end": { "line": 43, "column": 56 } },
      "10": { "start": { "line": 45, "column": 6 }, "end": { "line": 45, "column": 28 } },
      "11": { "start": { "line": 48, "column": 35 }, "end": { "line": 48, "column": 69 } },
      "12": { "start": { "line": 49, "column": 6 }, "end": { "line": 49, "column": 36 } },
      "13": { "start": { "line": 27, "column": 2 }, "end": { "line": 50, "column": 7 } },
      "14": { "start": { "line": 14, "column": 13 }, "end": { "line": 14, "column": 49 } }
    },
    "fnMap": {
      "0": {
        "name": "(anonymous_14)",
        "decl": { "start": { "line": 14, "column": 49 }, "end": { "line": 14, "column": 56 } },
        "loc": { "start": { "line": 14, "column": 49 }, "end": { "line": 51, "column": 2 } }
      },
      "1": {
        "name": "(anonymous_17)",
        "decl": { "start": { "line": 29, "column": 10 }, "end": { "line": 29, "column": 11 } },
        "loc": { "start": { "line": 29, "column": 34 }, "end": { "line": 46, "column": 5 } }
      },
      "2": {
        "name": "(anonymous_18)",
        "decl": { "start": { "line": 47, "column": 11 }, "end": { "line": 47, "column": 12 } },
        "loc": { "start": { "line": 47, "column": 17 }, "end": { "line": 50, "column": 5 } }
      }
    },
    "branchMap": {
      "0": {
        "loc": { "start": { "line": 33, "column": 6 }, "end": { "line": 35, "column": 7 } },
        "type": "if",
        "locations": [{ "start": { "line": 33, "column": 6 }, "end": { "line": 35, "column": 7 } }]
      },
      "1": {
        "loc": { "start": { "line": 33, "column": 10 }, "end": { "line": 33, "column": 83 } },
        "type": "binary-expr",
        "locations": [
          { "start": { "line": 33, "column": 10 }, "end": { "line": 33, "column": 46 } },
          { "start": { "line": 33, "column": 50 }, "end": { "line": 33, "column": 83 } }
        ]
      },
      "2": {
        "loc": { "start": { "line": 42, "column": 6 }, "end": { "line": 44, "column": 7 } },
        "type": "if",
        "locations": [{ "start": { "line": 42, "column": 6 }, "end": { "line": 44, "column": 7 } }]
      }
    },
    "s": {
      "0": 1,
      "1": 1,
      "2": 0,
      "3": 0,
      "4": 0,
      "5": 0,
      "6": 0,
      "7": 0,
      "8": 0,
      "9": 0,
      "10": 0,
      "11": 0,
      "12": 0,
      "13": 0,
      "14": 1
    },
    "f": { "0": 0, "1": 0, "2": 0 },
    "b": { "0": [0], "1": [0, 0], "2": [0] }
  },
  "/Users/joestrachan/Documents/datr/comps/src/main/requests/index.ts": {
    "path": "/Users/joestrachan/Documents/datr/comps/src/main/requests/index.ts",
    "statementMap": {
      "0": { "start": { "line": 1, "column": 0 }, "end": { "line": 1, "column": 9 } },
      "1": { "start": { "line": 1, "column": 9 }, "end": { "line": 1, "column": 46 } },
      "2": { "start": { "line": 2, "column": 0 }, "end": { "line": 2, "column": 9 } },
      "3": { "start": { "line": 2, "column": 9 }, "end": { "line": 2, "column": 74 } },
      "4": { "start": { "line": 3, "column": 0 }, "end": { "line": 3, "column": 9 } },
      "5": { "start": { "line": 3, "column": 9 }, "end": { "line": 3, "column": 52 } }
    },
    "fnMap": {
      "0": {
        "name": "(anonymous_0)",
        "decl": { "start": { "line": 1, "column": 9 }, "end": { "line": 1, "column": 21 } },
        "loc": { "start": { "line": 1, "column": 9 }, "end": { "line": 1, "column": 46 } }
      },
      "1": {
        "name": "(anonymous_1)",
        "decl": { "start": { "line": 2, "column": 9 }, "end": { "line": 2, "column": 35 } },
        "loc": { "start": { "line": 2, "column": 9 }, "end": { "line": 2, "column": 74 } }
      },
      "2": {
        "name": "(anonymous_2)",
        "decl": { "start": { "line": 3, "column": 9 }, "end": { "line": 3, "column": 24 } },
        "loc": { "start": { "line": 3, "column": 9 }, "end": { "line": 3, "column": 52 } }
      }
    },
    "branchMap": {},
    "s": { "0": 1, "1": 2, "2": 1, "3": 1, "4": 1, "5": 1 },
    "f": { "0": 1, "1": 0, "2": 0 },
    "b": {}
  }
}
