{"/Users/joestrachan/Documents/datr/comps/src/index.ts": {"path":"/Users/joestrachan/Documents/datr/comps/src/index.ts","statementMap":{"0":{"start":{"line":1,"column":0},"end":{"line":1,"column":23}}},"fnMap":{},"branchMap":{},"s":{"0":18},"f":{},"b":{}}
,"/Users/joestrachan/Documents/datr/comps/src/config/index.ts": {"path":"/Users/joestrachan/Documents/datr/comps/src/config/index.ts","statementMap":{"0":{"start":{"line":1,"column":0},"end":{"line":1,"column":25}},"1":{"start":{"line":2,"column":0},"end":{"line":2,"column":24}}},"fnMap":{},"branchMap":{},"s":{"0":18,"1":18},"f":{},"b":{}}
,"/Users/joestrachan/Documents/datr/comps/src/config/consts/ConstCompaniesApi.ts": {"path":"/Users/joestrachan/Documents/datr/comps/src/config/consts/ConstCompaniesApi.ts","statementMap":{"0":{"start":{"line":2,"column":0},"end":{"line":2,"column":null}},"1":{"start":{"line":7,"column":13},"end":{"line":7,"column":117}},"2":{"start":{"line":8,"column":13},"end":{"line":8,"column":98}},"3":{"start":{"line":9,"column":13},"end":{"line":9,"column":115}},"4":{"start":{"line":10,"column":13},"end":{"line":10,"column":78}},"5":{"start":{"line":11,"column":13},"end":{"line":11,"column":96}},"6":{"start":{"line":12,"column":13},"end":{"line":12,"column":65}}},"fnMap":{},"branchMap":{},"s":{"0":18,"1":18,"2":18,"3":18,"4":18,"5":18,"6":18},"f":{},"b":{}}
,"/Users/joestrachan/Documents/datr/comps/src/config/consts/index.ts": {"path":"/Users/joestrachan/Documents/datr/comps/src/config/consts/index.ts","statementMap":{"0":{"start":{"line":1,"column":0},"end":{"line":1,"column":36}}},"fnMap":{},"branchMap":{},"s":{"0":18},"f":{},"b":{}}
,"/Users/joestrachan/Documents/datr/comps/src/config/enums/ApiResponseEncodingEnum.ts": {"path":"/Users/joestrachan/Documents/datr/comps/src/config/enums/ApiResponseEncodingEnum.ts","statementMap":{"0":{"start":{"line":1,"column":0},"end":{"line":1,"column":null}},"1":{"start":{"line":2,"column":2},"end":{"line":2,"column":null}},"2":{"start":{"line":3,"column":2},"end":{"line":3,"column":null}}},"fnMap":{"0":{"name":"(anonymous_0)","decl":{"start":{"line":1,"column":0},"end":{"line":1,"column":12}},"loc":{"start":{"line":1,"column":35},"end":{"line":4,"column":1}}}},"branchMap":{"0":{"loc":{"start":{"line":1,"column":12},"end":{"line":1,"column":null}},"type":"binary-expr","locations":[{"start":{"line":1,"column":12},"end":{"line":1,"column":35}},{"start":{"line":1,"column":35},"end":{"line":1,"column":null}}]}},"s":{"0":18,"1":18,"2":18},"f":{"0":18},"b":{"0":[18,18]}}
,"/Users/joestrachan/Documents/datr/comps/src/config/enums/ApiRestMethodEnum.ts": {"path":"/Users/joestrachan/Documents/datr/comps/src/config/enums/ApiRestMethodEnum.ts","statementMap":{"0":{"start":{"line":1,"column":0},"end":{"line":1,"column":null}},"1":{"start":{"line":2,"column":2},"end":{"line":2,"column":null}},"2":{"start":{"line":3,"column":2},"end":{"line":3,"column":null}}},"fnMap":{"0":{"name":"(anonymous_0)","decl":{"start":{"line":1,"column":0},"end":{"line":1,"column":12}},"loc":{"start":{"line":1,"column":29},"end":{"line":4,"column":1}}}},"branchMap":{"0":{"loc":{"start":{"line":1,"column":12},"end":{"line":1,"column":null}},"type":"binary-expr","locations":[{"start":{"line":1,"column":12},"end":{"line":1,"column":29}},{"start":{"line":1,"column":29},"end":{"line":1,"column":null}}]}},"s":{"0":18,"1":18,"2":18},"f":{"0":18},"b":{"0":[18,18]}}
,"/Users/joestrachan/Documents/datr/comps/src/config/enums/index.ts": {"path":"/Users/joestrachan/Documents/datr/comps/src/config/enums/index.ts","statementMap":{"0":{"start":{"line":1,"column":0},"end":{"line":1,"column":9}},"1":{"start":{"line":1,"column":9},"end":{"line":1,"column":68}},"2":{"start":{"line":2,"column":0},"end":{"line":2,"column":9}},"3":{"start":{"line":2,"column":9},"end":{"line":2,"column":56}}},"fnMap":{"0":{"name":"(anonymous_0)","decl":{"start":{"line":1,"column":9},"end":{"line":1,"column":32}},"loc":{"start":{"line":1,"column":9},"end":{"line":1,"column":68}}},"1":{"name":"(anonymous_1)","decl":{"start":{"line":2,"column":9},"end":{"line":2,"column":26}},"loc":{"start":{"line":2,"column":9},"end":{"line":2,"column":56}}}},"branchMap":{},"s":{"0":18,"1":38,"2":18,"3":38},"f":{"0":20,"1":20},"b":{}}
,"/Users/joestrachan/Documents/datr/comps/src/interfaces/index.ts": {"path":"/Users/joestrachan/Documents/datr/comps/src/interfaces/index.ts","statementMap":{"0":{"start":{"line":1,"column":0},"end":{"line":1,"column":26}},"1":{"start":{"line":2,"column":0},"end":{"line":2,"column":27}}},"fnMap":{},"branchMap":{},"s":{"0":0,"1":0},"f":{},"b":{}}
,"/Users/joestrachan/Documents/datr/comps/src/interfaces/helpers/index.ts": {"path":"/Users/joestrachan/Documents/datr/comps/src/interfaces/helpers/index.ts","statementMap":{"0":{"start":{"line":1,"column":0},"end":{"line":1,"column":43}}},"fnMap":{},"branchMap":{},"s":{"0":0},"f":{},"b":{}}
,"/Users/joestrachan/Documents/datr/comps/src/interfaces/requests/index.ts": {"path":"/Users/joestrachan/Documents/datr/comps/src/interfaces/requests/index.ts","statementMap":{"0":{"start":{"line":1,"column":0},"end":{"line":1,"column":25}},"1":{"start":{"line":2,"column":0},"end":{"line":2,"column":45}},"2":{"start":{"line":3,"column":0},"end":{"line":3,"column":34}}},"fnMap":{},"branchMap":{},"s":{"0":0,"1":0,"2":0},"f":{},"b":{}}
,"/Users/joestrachan/Documents/datr/comps/src/main/index.ts": {"path":"/Users/joestrachan/Documents/datr/comps/src/main/index.ts","statementMap":{"0":{"start":{"line":1,"column":0},"end":{"line":1,"column":26}},"1":{"start":{"line":2,"column":0},"end":{"line":2,"column":27}}},"fnMap":{},"branchMap":{},"s":{"0":18,"1":18},"f":{},"b":{}}
,"/Users/joestrachan/Documents/datr/comps/src/main/helpers/getCompaniesSearchConfig.ts": {"path":"/Users/joestrachan/Documents/datr/comps/src/main/helpers/getCompaniesSearchConfig.ts","statementMap":{"0":{"start":{"line":1,"column":0},"end":{"line":1,"column":42}},"1":{"start":{"line":2,"column":0},"end":{"line":2,"column":null}},"2":{"start":{"line":30,"column":67},"end":{"line":85,"column":1}},"3":{"start":{"line":31,"column":8},"end":{"line":31,"column":null}},"4":{"start":{"line":32,"column":12},"end":{"line":32,"column":null}},"5":{"start":{"line":33,"column":2},"end":{"line":33,"column":21}},"6":{"start":{"line":33,"column":21},"end":{"line":33,"column":null}},"7":{"start":{"line":34,"column":2},"end":{"line":34,"column":17}},"8":{"start":{"line":34,"column":17},"end":{"line":34,"column":null}},"9":{"start":{"line":35,"column":2},"end":{"line":35,"column":15}},"10":{"start":{"line":35,"column":15},"end":{"line":35,"column":null}},"11":{"start":{"line":36,"column":2},"end":{"line":36,"column":12}},"12":{"start":{"line":36,"column":12},"end":{"line":36,"column":null}},"13":{"start":{"line":37,"column":2},"end":{"line":37,"column":5}},"14":{"start":{"line":37,"column":5},"end":{"line":37,"column":null}},"15":{"start":{"line":38,"column":2},"end":{"line":38,"column":15}},"16":{"start":{"line":38,"column":15},"end":{"line":38,"column":null}},"17":{"start":{"line":45,"column":30},"end":{"line":45,"column":69}},"18":{"start":{"line":51,"column":2},"end":{"line":51,"column":99}},"19":{"start":{"line":52,"column":2},"end":{"line":52,"column":107}},"20":{"start":{"line":53,"column":2},"end":{"line":53,"column":93}},"21":{"start":{"line":59,"column":2},"end":{"line":67,"column":3}},"22":{"start":{"line":60,"column":4},"end":{"line":66,"column":5}},"23":{"start":{"line":61,"column":6},"end":{"line":61,"column":19}},"24":{"start":{"line":63,"column":6},"end":{"line":65,"column":9}},"25":{"start":{"line":69,"column":56},"end":{"line":72,"column":4}},"26":{"start":{"line":74,"column":2},"end":{"line":84,"column":4}},"27":{"start":{"line":30,"column":13},"end":{"line":30,"column":67}}},"fnMap":{"0":{"name":"(anonymous_0)","decl":{"start":{"line":30,"column":67},"end":{"line":30,"column":68}},"loc":{"start":{"line":39,"column":33},"end":{"line":85,"column":1}}}},"branchMap":{"0":{"loc":{"start":{"line":33,"column":21},"end":{"line":33,"column":null}},"type":"cond-expr","locations":[{"start":{"line":33,"column":24},"end":{"line":33,"column":69}},{"start":{"line":33,"column":69},"end":{"line":33,"column":null}}]},"1":{"loc":{"start":{"line":34,"column":17},"end":{"line":34,"column":null}},"type":"cond-expr","locations":[{"start":{"line":34,"column":20},"end":{"line":34,"column":61}},{"start":{"line":34,"column":61},"end":{"line":34,"column":null}}]},"2":{"loc":{"start":{"line":35,"column":15},"end":{"line":35,"column":null}},"type":"cond-expr","locations":[{"start":{"line":35,"column":18},"end":{"line":35,"column":57}},{"start":{"line":35,"column":57},"end":{"line":35,"column":null}}]},"3":{"loc":{"start":{"line":36,"column":12},"end":{"line":36,"column":null}},"type":"cond-expr","locations":[{"start":{"line":36,"column":15},"end":{"line":36,"column":54}},{"start":{"line":36,"column":54},"end":{"line":36,"column":null}}]},"4":{"loc":{"start":{"line":37,"column":5},"end":{"line":37,"column":null}},"type":"cond-expr","locations":[{"start":{"line":37,"column":8},"end":{"line":37,"column":38}},{"start":{"line":37,"column":38},"end":{"line":37,"column":null}}]},"5":{"loc":{"start":{"line":38,"column":15},"end":{"line":38,"column":null}},"type":"cond-expr","locations":[{"start":{"line":38,"column":18},"end":{"line":38,"column":23}},{"start":{"line":38,"column":23},"end":{"line":38,"column":null}}]},"6":{"loc":{"start":{"line":59,"column":2},"end":{"line":67,"column":3}},"type":"if","locations":[{"start":{"line":59,"column":2},"end":{"line":67,"column":3}}]}},"s":{"0":18,"1":18,"2":18,"3":22,"4":22,"5":22,"6":22,"7":22,"8":22,"9":22,"10":22,"11":22,"12":22,"13":22,"14":22,"15":22,"16":22,"17":22,"18":22,"19":20,"20":18,"21":16,"22":3,"23":3,"24":2,"25":14,"26":14,"27":18},"f":{"0":22},"b":{"0":[21,1],"1":[21,1],"2":[21,1],"3":[13,9],"4":[9,13],"5":[19,3],"6":[3]}}
,"/Users/joestrachan/Documents/datr/comps/src/main/helpers/index.ts": {"path":"/Users/joestrachan/Documents/datr/comps/src/main/helpers/index.ts","statementMap":{"0":{"start":{"line":1,"column":0},"end":{"line":1,"column":9}},"1":{"start":{"line":1,"column":9},"end":{"line":1,"column":70}}},"fnMap":{"0":{"name":"(anonymous_0)","decl":{"start":{"line":1,"column":9},"end":{"line":1,"column":33}},"loc":{"start":{"line":1,"column":9},"end":{"line":1,"column":70}}}},"branchMap":{},"s":{"0":18,"1":40},"f":{"0":22},"b":{}}
,"/Users/joestrachan/Documents/datr/comps/src/main/requests/getCompaniesFromStartIndex.ts": {"path":"/Users/joestrachan/Documents/datr/comps/src/main/requests/getCompaniesFromStartIndex.ts","statementMap":{"0":{"start":{"line":1,"column":0},"end":{"line":1,"column":45}},"1":{"start":{"line":16,"column":71},"end":{"line":62,"column":2}},"2":{"start":{"line":17,"column":8},"end":{"line":17,"column":null}},"3":{"start":{"line":24,"column":8},"end":{"line":24,"column":73}},"4":{"start":{"line":29,"column":9},"end":{"line":61,"column":7}},"5":{"start":{"line":36,"column":6},"end":{"line":38,"column":7}},"6":{"start":{"line":37,"column":8},"end":{"line":37,"column":51}},"7":{"start":{"line":40,"column":31},"end":{"line":40,"column":44}},"8":{"start":{"line":45,"column":6},"end":{"line":47,"column":7}},"9":{"start":{"line":46,"column":8},"end":{"line":46,"column":57}},"10":{"start":{"line":52,"column":6},"end":{"line":54,"column":7}},"11":{"start":{"line":53,"column":8},"end":{"line":53,"column":63}},"12":{"start":{"line":55,"column":6},"end":{"line":55,"column":24}},"13":{"start":{"line":59,"column":35},"end":{"line":59,"column":69}},"14":{"start":{"line":60,"column":6},"end":{"line":60,"column":36}},"15":{"start":{"line":29,"column":2},"end":{"line":61,"column":7}},"16":{"start":{"line":16,"column":13},"end":{"line":16,"column":71}}},"fnMap":{"0":{"name":"(anonymous_14)","decl":{"start":{"line":16,"column":71},"end":{"line":16,"column":78}},"loc":{"start":{"line":16,"column":71},"end":{"line":62,"column":2}}},"1":{"name":"(anonymous_17)","decl":{"start":{"line":31,"column":10},"end":{"line":31,"column":11}},"loc":{"start":{"line":31,"column":34},"end":{"line":57,"column":5}}},"2":{"name":"(anonymous_18)","decl":{"start":{"line":58,"column":11},"end":{"line":58,"column":12}},"loc":{"start":{"line":58,"column":17},"end":{"line":61,"column":5}}}},"branchMap":{"0":{"loc":{"start":{"line":36,"column":6},"end":{"line":38,"column":7}},"type":"if","locations":[{"start":{"line":36,"column":6},"end":{"line":38,"column":7}}]},"1":{"loc":{"start":{"line":36,"column":10},"end":{"line":36,"column":83}},"type":"binary-expr","locations":[{"start":{"line":36,"column":10},"end":{"line":36,"column":46}},{"start":{"line":36,"column":50},"end":{"line":36,"column":83}}]},"2":{"loc":{"start":{"line":45,"column":6},"end":{"line":47,"column":7}},"type":"if","locations":[{"start":{"line":45,"column":6},"end":{"line":47,"column":7}}]},"3":{"loc":{"start":{"line":52,"column":6},"end":{"line":54,"column":7}},"type":"if","locations":[{"start":{"line":52,"column":6},"end":{"line":54,"column":7}}]}},"s":{"0":18,"1":22,"2":4,"3":4,"4":4,"5":4,"6":1,"7":3,"8":3,"9":1,"10":2,"11":1,"12":1,"13":3,"14":3,"15":4,"16":18},"f":{"0":8,"1":4,"2":3},"b":{"0":[1],"1":[4,4],"2":[1],"3":[1]}}
,"/Users/joestrachan/Documents/datr/comps/src/main/requests/getNumCompanies.ts": {"path":"/Users/joestrachan/Documents/datr/comps/src/main/requests/getNumCompanies.ts","statementMap":{"0":{"start":{"line":1,"column":0},"end":{"line":1,"column":45}},"1":{"start":{"line":19,"column":49},"end":{"line":56,"column":2}},"2":{"start":{"line":19,"column":64},"end":{"line":19,"column":89}},"3":{"start":{"line":25,"column":8},"end":{"line":25,"column":62}},"4":{"start":{"line":30,"column":9},"end":{"line":55,"column":7}},"5":{"start":{"line":37,"column":6},"end":{"line":39,"column":7}},"6":{"start":{"line":38,"column":8},"end":{"line":38,"column":51}},"7":{"start":{"line":41,"column":36},"end":{"line":41,"column":49}},"8":{"start":{"line":46,"column":6},"end":{"line":48,"column":7}},"9":{"start":{"line":47,"column":8},"end":{"line":47,"column":56}},"10":{"start":{"line":49,"column":6},"end":{"line":49,"column":28}},"11":{"start":{"line":53,"column":35},"end":{"line":53,"column":69}},"12":{"start":{"line":54,"column":6},"end":{"line":54,"column":36}},"13":{"start":{"line":30,"column":2},"end":{"line":55,"column":7}},"14":{"start":{"line":19,"column":13},"end":{"line":19,"column":49}}},"fnMap":{"0":{"name":"(anonymous_14)","decl":{"start":{"line":19,"column":49},"end":{"line":19,"column":56}},"loc":{"start":{"line":19,"column":49},"end":{"line":56,"column":2}}},"1":{"name":"(anonymous_17)","decl":{"start":{"line":32,"column":10},"end":{"line":32,"column":11}},"loc":{"start":{"line":32,"column":34},"end":{"line":51,"column":5}}},"2":{"name":"(anonymous_18)","decl":{"start":{"line":52,"column":11},"end":{"line":52,"column":12}},"loc":{"start":{"line":52,"column":17},"end":{"line":55,"column":5}}}},"branchMap":{"0":{"loc":{"start":{"line":37,"column":6},"end":{"line":39,"column":7}},"type":"if","locations":[{"start":{"line":37,"column":6},"end":{"line":39,"column":7}}]},"1":{"loc":{"start":{"line":37,"column":10},"end":{"line":37,"column":83}},"type":"binary-expr","locations":[{"start":{"line":37,"column":10},"end":{"line":37,"column":46}},{"start":{"line":37,"column":50},"end":{"line":37,"column":83}}]},"2":{"loc":{"start":{"line":46,"column":6},"end":{"line":48,"column":7}},"type":"if","locations":[{"start":{"line":46,"column":6},"end":{"line":48,"column":7}}]}},"s":{"0":18,"1":22,"2":4,"3":4,"4":4,"5":3,"6":1,"7":2,"8":2,"9":1,"10":1,"11":3,"12":3,"13":4,"14":18},"f":{"0":8,"1":3,"2":3},"b":{"0":[1],"1":[3,3],"2":[1]}}
,"/Users/joestrachan/Documents/datr/comps/src/main/requests/index.ts": {"path":"/Users/joestrachan/Documents/datr/comps/src/main/requests/index.ts","statementMap":{"0":{"start":{"line":1,"column":0},"end":{"line":1,"column":9}},"1":{"start":{"line":1,"column":9},"end":{"line":1,"column":74}},"2":{"start":{"line":2,"column":0},"end":{"line":2,"column":9}},"3":{"start":{"line":2,"column":9},"end":{"line":2,"column":52}}},"fnMap":{"0":{"name":"(anonymous_0)","decl":{"start":{"line":1,"column":9},"end":{"line":1,"column":35}},"loc":{"start":{"line":1,"column":9},"end":{"line":1,"column":74}}},"1":{"name":"(anonymous_1)","decl":{"start":{"line":2,"column":9},"end":{"line":2,"column":24}},"loc":{"start":{"line":2,"column":9},"end":{"line":2,"column":52}}}},"branchMap":{},"s":{"0":18,"1":22,"2":18,"3":22},"f":{"0":4,"1":4},"b":{}}
}
