TN:
SF:src/index.ts
FNF:0
FNH:0
DA:1,8
LF:1
LH:1
BRF:0
BRH:0
end_of_record
TN:
SF:src/companies/index.ts
FN:1,(anonymous_0)
FNF:1
FNH:0
FNDA:0,(anonymous_0)
DA:1,0
LF:1
LH:0
BRF:0
BRH:0
end_of_record
TN:
SF:src/consts/consts.ts
FNF:0
FNH:0
DA:1,8
DA:3,8
DA:4,8
DA:5,8
LF:4
LH:4
BRF:0
BRH:0
end_of_record
TN:
SF:src/consts/enums.ts
FN:1,(anonymous_0)
FNF:1
FNH:1
FNDA:8,(anonymous_0)
DA:1,8
DA:2,8
LF:2
LH:2
BRDA:1,0,0,8
BRDA:1,0,1,8
BRF:2
BRH:2
end_of_record
TN:
SF:src/consts/index.ts
FNF:0
FNH:0
DA:1,8
DA:2,8
LF:2
LH:2
BRF:0
BRH:0
end_of_record
TN:
SF:src/interfaces/index.ts
FNF:0
FNH:0
DA:1,0
DA:2,0
LF:2
LH:0
BRF:0
BRH:0
end_of_record
TN:
SF:src/interfaces/helpers/index.ts
FNF:0
FNH:0
DA:1,0
LF:1
LH:0
BRF:0
BRH:0
end_of_record
TN:
SF:src/interfaces/requests/index.ts
FNF:0
FNH:0
DA:1,0
DA:2,0
LF:2
LH:0
BRF:0
BRH:0
end_of_record
TN:
SF:src/main/index.ts
FNF:0
FNH:0
DA:1,8
DA:2,8
LF:2
LH:2
BRF:0
BRH:0
end_of_record
TN:
SF:src/main/helpers/getConfig.ts
FN:22,(anonymous_0)
FNF:1
FNH:1
FNDA:12,(anonymous_0)
DA:1,8
DA:2,8
DA:22,8
DA:23,12
DA:24,12
DA:25,12
DA:26,12
DA:27,12
DA:28,12
DA:34,12
DA:39,12
DA:40,10
DA:41,8
DA:43,6
DA:44,3
DA:45,3
DA:47,2
DA:53,4
LF:18
LH:18
BRDA:25,0,0,11
BRDA:25,0,1,1
BRDA:26,1,0,7
BRDA:26,1,1,5
BRDA:27,2,0,11
BRDA:27,2,1,1
BRDA:28,3,0,9
BRDA:28,3,1,3
BRDA:43,4,0,3
BRF:9
BRH:9
end_of_record
TN:
SF:src/main/helpers/index.ts
FN:1,(anonymous_0)
FNF:1
FNH:1
FNDA:12,(anonymous_0)
DA:1,20
LF:1
LH:1
BRF:0
BRH:0
end_of_record
TN:
SF:src/main/requests/getCompaniesFromStartingIndex.ts
FN:8,(anonymous_14)
FN:13,(anonymous_17)
FN:16,(anonymous_18)
FNF:3
FNH:0
FNDA:0,(anonymous_14)
FNDA:0,(anonymous_17)
FNDA:0,(anonymous_18)
DA:1,8
DA:8,8
DA:9,0
DA:11,0
DA:14,0
DA:17,0
LF:6
LH:2
BRDA:11,0,0,0
BRDA:11,0,1,0
BRF:2
BRH:0
end_of_record
TN:
SF:src/main/requests/getNumCompanies.ts
FN:4,(anonymous_14)
FN:9,(anonymous_17)
FN:12,(anonymous_18)
FNF:3
FNH:0
FNDA:0,(anonymous_14)
FNDA:0,(anonymous_17)
FNDA:0,(anonymous_18)
DA:1,8
DA:4,8
DA:5,0
DA:7,0
DA:10,0
DA:13,0
LF:6
LH:2
BRDA:7,0,0,0
BRDA:7,0,1,0
BRF:2
BRH:0
end_of_record
TN:
SF:src/main/requests/index.ts
FN:1,(anonymous_0)
FN:2,(anonymous_1)
FNF:2
FNH:0
FNDA:0,(anonymous_0)
FNDA:0,(anonymous_1)
DA:1,8
DA:2,8
LF:2
LH:2
BRF:0
BRH:0
end_of_record
